INFO:root:

DATE: 2022-06-03-07:39:27
INFO:root:
N splits: 10, batch size: 32, n_epochs: 10, lr: 1e-05
INFO:root:

DATE: 2022-06-03-07:42:16
INFO:root:
N splits: 10, batch size: 32, n_epochs: 10, lr: 1e-05
INFO:root:

DATE: 2022-06-03-07:45:15
INFO:root:
N splits: 10, batch size: 32, n_epochs: 10, lr: 1e-05
INFO:root:

DATE: 2022-06-03-07:46:55
INFO:root:
N splits: 10, batch size: 32, n_epochs: 10, lr: 1e-05
INFO:root:Run: 1
INFO:root:              precision    recall  f1-score   support

           C       0.86      0.38      0.52        16
           E       0.90      0.90      0.90       125
           N       0.88      0.93      0.90       163

    accuracy                           0.89       304
   macro avg       0.88      0.74      0.78       304
weighted avg       0.89      0.89      0.88       304

INFO:root:                      n  sum_correct       acc
y_true factive_ind                            
C      False         16            6  0.375000
E      False         23           11  0.478261
       True         102          102  1.000000
N      False        161          150  0.931677
       True           2            1  0.500000
INFO:root:Run: 2
INFO:root:              precision    recall  f1-score   support

           C       0.75      0.38      0.50        16
           E       0.88      0.88      0.88       125
           N       0.88      0.93      0.90       163

    accuracy                           0.88       304
   macro avg       0.84      0.73      0.76       304
weighted avg       0.87      0.88      0.87       304

INFO:root:                      n  sum_correct       acc
y_true factive_ind                            
C      False         16            6  0.375000
E      False         24            9  0.375000
       True         101          101  1.000000
N      False        161          151  0.937888
       True           2            0  0.000000
INFO:root:Run: 3
INFO:root:              precision    recall  f1-score   support

           C       0.75      0.56      0.64        16
           E       0.94      0.93      0.93       125
           N       0.92      0.95      0.94       163

    accuracy                           0.92       304
   macro avg       0.87      0.81      0.84       304
weighted avg       0.92      0.92      0.92       304

INFO:root:                      n  sum_correct       acc
y_true factive_ind                            
C      False         16            9  0.562500
E      False         22           13  0.590909
       True         103          103  1.000000
N      False        160          155  0.968750
       True           3            0  0.000000
INFO:root:Run: 4
INFO:root:              precision    recall  f1-score   support

           C       0.60      0.18      0.27        17
           E       0.90      0.85      0.87       124
           N       0.84      0.94      0.89       163

    accuracy                           0.86       304
   macro avg       0.78      0.65      0.68       304
weighted avg       0.85      0.86      0.85       304

INFO:root:                      n  sum_correct       acc
y_true factive_ind                            
C      False         17            3  0.176471
E      False         28            9  0.321429
       True          96           96  1.000000
N      False        163          153  0.938650
INFO:root:Run: 5
INFO:root:              precision    recall  f1-score   support

           C       0.71      0.29      0.42        17
           E       0.96      0.82      0.89       124
           N       0.83      0.98      0.90       163

    accuracy                           0.88       304
   macro avg       0.84      0.70      0.73       304
weighted avg       0.88      0.88      0.87       304

INFO:root:                      n  sum_correct       acc
y_true factive_ind                            
C      False         17            5  0.294118
E      False         33           11  0.333333
       True          91           91  1.000000
N      False        163          159  0.975460
INFO:root:Run: 6
INFO:root:              precision    recall  f1-score   support

           C       0.60      0.19      0.29        16
           E       0.89      0.80      0.84       125
           N       0.83      0.95      0.89       162

    accuracy                           0.85       303
   macro avg       0.77      0.65      0.67       303
weighted avg       0.84      0.85      0.84       303

INFO:root:                      n  sum_correct       acc
y_true factive_ind                            
C      False         16            3  0.187500
E      False         33            8  0.242424
       True          92           92  1.000000
N      False        161          153  0.950311
       True           1            1  1.000000
INFO:root:Run: 7
INFO:root:              precision    recall  f1-score   support

           C       0.64      0.56      0.60        16
           E       0.92      0.83      0.87       125
           N       0.86      0.93      0.89       162

    accuracy                           0.87       303
   macro avg       0.81      0.78      0.79       303
weighted avg       0.87      0.87      0.87       303

INFO:root:                      n  sum_correct       acc
y_true factive_ind                            
C      False         16            9  0.562500
E      False         29            8  0.275862
       True          96           96  1.000000
N      False        160          151  0.943750
       True           2            0  0.000000
INFO:root:Run: 8
INFO:root:              precision    recall  f1-score   support

           C       0.71      0.31      0.43        16
           E       0.84      0.90      0.87       125
           N       0.88      0.88      0.88       162

    accuracy                           0.86       303
   macro avg       0.81      0.70      0.73       303
weighted avg       0.86      0.86      0.85       303

INFO:root:                      n  sum_correct       acc
y_true factive_ind                            
C      False         16            5  0.312500
E      False         19            7  0.368421
       True         106          106  1.000000
N      False        160          143  0.893750
       True           2            0  0.000000
INFO:root:Run: 9
INFO:root:              precision    recall  f1-score   support

           C       0.67      0.25      0.36        16
           E       0.89      0.89      0.89       125
           N       0.87      0.92      0.89       162

    accuracy                           0.87       303
   macro avg       0.81      0.69      0.71       303
weighted avg       0.86      0.87      0.86       303

INFO:root:                      n  sum_correct       acc
y_true factive_ind                            
C      False         16            4  0.250000
E      False         25           11  0.440000
       True         100          100  1.000000
N      False        162          149  0.919753
INFO:root:Run: 10
INFO:root:              precision    recall  f1-score   support

           C       0.75      0.38      0.50        16
           E       0.93      0.86      0.90       125
           N       0.87      0.96      0.91       162

    accuracy                           0.89       303
   macro avg       0.85      0.73      0.77       303
weighted avg       0.89      0.89      0.88       303

INFO:root:                      n  sum_correct       acc
y_true factive_ind                            
C      False         16            6  0.375000
E      False         26            9  0.346154
       True          99           99  1.000000
N      False        161          155  0.962733
       True           1            0  0.000000
INFO:root:
SUMMARY
INFO:root:[0.8881578947368421, 0.8782894736842105, 0.9210526315789473, 0.8585526315789473, 0.875, 0.8481848184818482, 0.8712871287128713, 0.8613861386138614, 0.8712871287128713, 0.8877887788778878]
INFO:root:[0.8825028303181032, 0.8729711629372833, 0.9191124605639239, 0.8462502276676389, 0.8667423382978449, 0.8364223464810784, 0.8699315498652446, 0.8548840950907245, 0.8625646995837308, 0.8821977633447993]
INFO:root:Accuracy: 0.8760986624978286 +- 0.01912787472454057
INFO:root:F1 score: 0.8693579474150372 +- 0.021697343831842884
INFO:root:F1 score C: 0.4538123470732166 +- 0.11700932186485904
INFO:root:F1 score E: 0.8845134999474829 +- 0.021761397438910774
INFO:root:F1 score N: 0.899277185411712 +- 0.014989578091610736
