INFO:root:

DATE: 2022-06-03-06:04:12
INFO:root:Arguments: Namespace(data_path='data/29_05_2022_extended', logging_path='log/extended_data', model_path='models/extended_data', text_col='T PL')
INFO:root:
N splits: 10, batch size: 32, n_epochs: 10, lr: 1e-05
INFO:root:Run: 1
INFO:root:              precision    recall  f1-score   support

           0       0.52      0.75      0.62        16
           1       0.92      0.95      0.94       125
           2       0.95      0.88      0.91       163

    accuracy                           0.90       304
   macro avg       0.80      0.86      0.82       304
weighted avg       0.91      0.90      0.91       304

INFO:root:                      n  sum_correct       acc
y_true factive_ind                            
0      False         16           12  0.750000
1      False         23           18  0.782609
       True         102          101  0.990196
2      False        161          144  0.894410
       True           2            0  0.000000
INFO:root:Run: 2
INFO:root:              precision    recall  f1-score   support

           0       0.79      0.69      0.73        16
           1       0.86      0.90      0.88       125
           2       0.91      0.89      0.90       163

    accuracy                           0.88       304
   macro avg       0.85      0.82      0.84       304
weighted avg       0.88      0.88      0.88       304

INFO:root:                      n  sum_correct       acc
y_true factive_ind                            
0      False         16           11  0.687500
1      False         24           14  0.583333
       True         101           98  0.970297
2      False        161          145  0.900621
       True           2            0  0.000000
INFO:root:Run: 3
INFO:root:              precision    recall  f1-score   support

           0       0.63      0.75      0.69        16
           1       0.94      0.95      0.94       125
           2       0.94      0.91      0.93       163

    accuracy                           0.92       304
   macro avg       0.84      0.87      0.85       304
weighted avg       0.92      0.92      0.92       304

INFO:root:                      n  sum_correct       acc
y_true factive_ind                            
0      False         16           12  0.750000
1      False         22           19  0.863636
       True         103          100  0.970874
2      False        160          148  0.925000
       True           3            1  0.333333
INFO:root:Run: 4
INFO:root:              precision    recall  f1-score   support

           0       0.61      0.65      0.63        17
           1       0.91      0.93      0.92       124
           2       0.94      0.91      0.93       163

    accuracy                           0.90       304
   macro avg       0.82      0.83      0.82       304
weighted avg       0.91      0.90      0.91       304

INFO:root:                      n  sum_correct       acc
y_true factive_ind                            
0      False         17           11  0.647059
1      False         28           20  0.714286
       True          96           95  0.989583
2      False        163          149  0.914110
INFO:root:Run: 5
INFO:root:              precision    recall  f1-score   support

           0       0.64      0.82      0.72        17
           1       0.92      0.92      0.92       124
           2       0.92      0.89      0.90       163

    accuracy                           0.90       304
   macro avg       0.82      0.88      0.85       304
weighted avg       0.90      0.90      0.90       304

INFO:root:                      n  sum_correct       acc
y_true factive_ind                            
0      False         17           14  0.823529
1      False         33           26  0.787879
       True          91           88  0.967033
2      False        163          145  0.889571
INFO:root:Run: 6
INFO:root:              precision    recall  f1-score   support

           0       0.68      0.81      0.74        16
           1       0.93      0.90      0.92       125
           2       0.92      0.93      0.92       162

    accuracy                           0.91       303
   macro avg       0.85      0.88      0.86       303
weighted avg       0.91      0.91      0.91       303

INFO:root:                      n  sum_correct       acc
y_true factive_ind                            
0      False         16           13  0.812500
1      False         33           25  0.757576
       True          92           88  0.956522
2      False        161          150  0.931677
       True           1            0  0.000000
INFO:root:Run: 7
INFO:root:              precision    recall  f1-score   support

           0       0.81      0.81      0.81        16
           1       0.90      0.96      0.93       125
           2       0.95      0.90      0.92       162

    accuracy                           0.92       303
   macro avg       0.89      0.89      0.89       303
weighted avg       0.92      0.92      0.92       303

INFO:root:                      n  sum_correct       acc
y_true factive_ind                            
0      False         16           13  0.812500
1      False         29           25  0.862069
       True          96           95  0.989583
2      False        160          145  0.906250
       True           2            0  0.000000
INFO:root:Run: 8
INFO:root:              precision    recall  f1-score   support

           0       0.75      0.75      0.75        16
           1       0.89      0.90      0.90       125
           2       0.92      0.91      0.91       162

    accuracy                           0.90       303
   macro avg       0.85      0.85      0.85       303
weighted avg       0.90      0.90      0.90       303

INFO:root:                      n  sum_correct       acc
y_true factive_ind                            
0      False         16           12  0.750000
1      False         19           15  0.789474
       True         106           98  0.924528
2      False        160          147  0.918750
       True           2            0  0.000000
INFO:root:Run: 9
INFO:root:              precision    recall  f1-score   support

           0       0.60      0.56      0.58        16
           1       0.93      0.90      0.91       125
           2       0.90      0.93      0.91       162

    accuracy                           0.90       303
   macro avg       0.81      0.80      0.80       303
weighted avg       0.90      0.90      0.90       303

INFO:root:                      n  sum_correct       acc
y_true factive_ind                            
0      False         16            9  0.562500
1      False         25           17  0.680000
       True         100           96  0.960000
2      False        162          150  0.925926
INFO:root:Run: 10
INFO:root:              precision    recall  f1-score   support

           0       0.62      0.62      0.62        16
           1       0.92      0.92      0.92       125
           2       0.93      0.93      0.93       162

    accuracy                           0.91       303
   macro avg       0.82      0.82      0.82       303
weighted avg       0.91      0.91      0.91       303

INFO:root:                      n  sum_correct       acc
y_true factive_ind                            
0      False         16           10  0.625000
1      False         26           19  0.730769
       True          99           96  0.969697
2      False        161          149  0.925466
       True           1            1  1.000000
INFO:root:
SUMMARY
INFO:root:[0.9046052631578947, 0.881578947368421, 0.9210526315789473, 0.9046052631578947, 0.8980263157894737, 0.9108910891089109, 0.9174917491749175, 0.8976897689768977, 0.8976897689768977, 0.9075907590759076]
INFO:root:[0.9078970708114926, 0.8811973819998914, 0.9221968960563401, 0.9051386314825692, 0.8995516288925045, 0.9117543702909556, 0.9174025510659174, 0.8977432939981368, 0.8971403429821445, 0.9075907590759076]
INFO:root:Accuracy: 0.9041221556366162 +- 0.010732242084878505
INFO:root:F1 score: 0.9047612926655859 +- 0.01104724330053257
INFO:root:F1 score C: 0.6891954685099847 +- 0.07042395654875276
INFO:root:F1 score E: 0.9172718458616685 +- 0.01778266350606869
INFO:root:F1 score N: 0.9166675465307174 +- 0.009536290031864802
