INFO:root:

DATE: 2022-06-03-06:48:12
INFO:root:Arguments: Namespace(data_path='data/29_05_2022_extended', logging_path='log/extended_data', model_path='models/extended_data', text_col='verb')
INFO:root:
N splits: 10, batch size: 32, n_epochs: 10, lr: 1e-05
INFO:root:Run: 1
INFO:root:              precision    recall  f1-score   support

           0       0.67      0.25      0.36        16
           1       0.91      0.86      0.88       125
           2       0.84      0.93      0.89       163

    accuracy                           0.87       304
   macro avg       0.81      0.68      0.71       304
weighted avg       0.86      0.87      0.86       304

INFO:root:                      n  sum_correct       acc
y_true factive_ind                            
0      False         16            4  0.250000
1      False         23            6  0.260870
       True         102          101  0.990196
2      False        161          151  0.937888
       True           2            1  0.500000
INFO:root:Run: 2
INFO:root:              precision    recall  f1-score   support

           0       1.00      0.50      0.67        16
           1       0.89      0.86      0.88       125
           2       0.86      0.93      0.89       163

    accuracy                           0.88       304
   macro avg       0.92      0.76      0.81       304
weighted avg       0.88      0.88      0.88       304

INFO:root:                      n  sum_correct       acc
y_true factive_ind                            
0      False         16            8  0.500000
1      False         24            9  0.375000
       True         101           99  0.980198
2      False        161          151  0.937888
       True           2            0  0.000000
INFO:root:Run: 3
INFO:root:              precision    recall  f1-score   support

           0       0.50      0.19      0.27        16
           1       0.92      0.88      0.90       125
           2       0.87      0.95      0.91       163

    accuracy                           0.88       304
   macro avg       0.76      0.67      0.69       304
weighted avg       0.87      0.88      0.87       304

INFO:root:                      n  sum_correct       acc
y_true factive_ind                            
0      False         16            3  0.187500
1      False         22            7  0.318182
       True         103          103  1.000000
2      False        160          154  0.962500
       True           3            1  0.333333
INFO:root:Run: 4
INFO:root:              precision    recall  f1-score   support

           0       0.67      0.24      0.35        17
           1       0.90      0.88      0.89       124
           2       0.86      0.93      0.89       163

    accuracy                           0.87       304
   macro avg       0.81      0.68      0.71       304
weighted avg       0.87      0.87      0.86       304

INFO:root:                      n  sum_correct       acc
y_true factive_ind                            
0      False         17            4  0.235294
1      False         28           13  0.464286
       True          96           96  1.000000
2      False        163          152  0.932515
INFO:root:Run: 5
INFO:root:              precision    recall  f1-score   support

           0       0.62      0.29      0.40        17
           1       0.91      0.86      0.89       124
           2       0.85      0.93      0.89       163

    accuracy                           0.87       304
   macro avg       0.80      0.70      0.73       304
weighted avg       0.86      0.87      0.86       304

INFO:root:                      n  sum_correct       acc
y_true factive_ind                            
0      False         17            5  0.294118
1      False         33           16  0.484848
       True          91           91  1.000000
2      False        163          152  0.932515
INFO:root:Run: 6
INFO:root:              precision    recall  f1-score   support

           0       0.55      0.38      0.44        16
           1       0.95      0.80      0.87       125
           2       0.84      0.97      0.90       162

    accuracy                           0.87       303
   macro avg       0.78      0.71      0.74       303
weighted avg       0.87      0.87      0.86       303

INFO:root:                      n  sum_correct       acc
y_true factive_ind                            
0      False         16            6  0.375000
1      False         33            8  0.242424
       True          92           92  1.000000
2      False        161          157  0.975155
       True           1            0  0.000000
INFO:root:Run: 7
INFO:root:              precision    recall  f1-score   support

           0       0.56      0.56      0.56        16
           1       0.89      0.82      0.85       125
           2       0.85      0.90      0.87       162

    accuracy                           0.85       303
   macro avg       0.77      0.76      0.76       303
weighted avg       0.85      0.85      0.85       303

INFO:root:                      n  sum_correct       acc
y_true factive_ind                            
0      False         16            9  0.562500
1      False         29            6  0.206897
       True          96           96  1.000000
2      False        160          146  0.912500
       True           2            0  0.000000
INFO:root:Run: 8
INFO:root:              precision    recall  f1-score   support

           0       0.80      0.25      0.38        16
           1       0.80      0.94      0.87       125
           2       0.90      0.84      0.87       162

    accuracy                           0.85       303
   macro avg       0.83      0.68      0.71       303
weighted avg       0.85      0.85      0.84       303

INFO:root:                      n  sum_correct       acc
y_true factive_ind                            
0      False         16            4  0.250000
1      False         19           15  0.789474
       True         106          103  0.971698
2      False        160          136  0.850000
       True           2            0  0.000000
INFO:root:Run: 9
INFO:root:              precision    recall  f1-score   support

           0       0.45      0.31      0.37        16
           1       0.92      0.83      0.87       125
           2       0.84      0.93      0.88       162

    accuracy                           0.85       303
   macro avg       0.74      0.69      0.71       303
weighted avg       0.85      0.85      0.85       303

INFO:root:                      n  sum_correct       acc
y_true factive_ind                            
0      False         16            5  0.312500
1      False         25            5  0.200000
       True         100           99  0.990000
2      False        162          150  0.925926
INFO:root:Run: 10
INFO:root:              precision    recall  f1-score   support

           0       0.62      0.31      0.42        16
           1       0.95      0.85      0.89       125
           2       0.86      0.97      0.91       162

    accuracy                           0.88       303
   macro avg       0.81      0.71      0.74       303
weighted avg       0.88      0.88      0.88       303

INFO:root:                      n  sum_correct       acc
y_true factive_ind                            
0      False         16            5  0.312500
1      False         26            9  0.346154
       True          99           97  0.979798
2      False        161          157  0.975155
       True           1            0  0.000000
INFO:root:
SUMMARY
INFO:root:[0.8651315789473685, 0.8782894736842105, 0.881578947368421, 0.8717105263157895, 0.868421052631579, 0.8679867986798679, 0.8481848184818482, 0.8514851485148515, 0.8547854785478548, 0.8844884488448845]
INFO:root:[0.8564702587109793, 0.8752033469805267, 0.8711088566056551, 0.8618056375868425, 0.861173594428672, 0.8632354618710075, 0.8477846287622776, 0.8426754889895519, 0.8504673846198512, 0.8776385838914106]
INFO:root:Accuracy: 0.8672062272016674 +- 0.011908013658628537
INFO:root:F1 score: 0.8607563242446774 +- 0.011080331686530465
INFO:root:F1 score C: 0.4225790252420687 +- 0.10777561357965441
INFO:root:F1 score E: 0.8793785908289948 +- 0.014271777873615202
INFO:root:F1 score N: 0.890211265698927 +- 0.012677560496436108
