INFO:root:

DATE: 2022-06-03-06:01:59
INFO:root:

N splits: 10, N estimators: 100, max depth: 20
INFO:root:Run: 1
INFO:root:              precision    recall  f1-score   support

           C       0.54      0.44      0.48        16
           E       0.93      0.84      0.88       125
           N       0.85      0.93      0.89       163

    accuracy                           0.87       304
   macro avg       0.77      0.73      0.75       304
weighted avg       0.87      0.87      0.86       304

INFO:root:                      n  sum_correct       acc
y_true factive_ind                            
C      False         16            7  0.437500
E      False         23            3  0.130435
       True         102          102  1.000000
N      False        161          151  0.937888
       True           2            0  0.000000
INFO:root:Run: 2
INFO:root:              precision    recall  f1-score   support

           C       0.73      0.50      0.59        16
           E       0.95      0.83      0.89       125
           N       0.86      0.96      0.91       163

    accuracy                           0.88       304
   macro avg       0.84      0.77      0.80       304
weighted avg       0.89      0.88      0.88       304

INFO:root:                      n  sum_correct       acc
y_true factive_ind                            
C      False         16            8  0.500000
E      False         24            3  0.125000
       True         101          101  1.000000
N      False        161          157  0.975155
       True           2            0  0.000000
INFO:root:Run: 3
INFO:root:              precision    recall  f1-score   support

           C       0.64      0.56      0.60        16
           E       0.95      0.85      0.90       125
           N       0.87      0.96      0.91       163

    accuracy                           0.89       304
   macro avg       0.82      0.79      0.80       304
weighted avg       0.89      0.89      0.89       304

INFO:root:                      n  sum_correct       acc
y_true factive_ind                            
C      False         16            9  0.562500
E      False         22            3  0.136364
       True         103          103  1.000000
N      False        160          156  0.975000
       True           3            0  0.000000
INFO:root:Run: 4
INFO:root:              precision    recall  f1-score   support

           C       0.55      0.35      0.43        17
           E       0.99      0.81      0.89       124
           N       0.84      0.99      0.91       163

    accuracy                           0.88       304
   macro avg       0.79      0.72      0.74       304
weighted avg       0.89      0.88      0.88       304

INFO:root:                      n  sum_correct       acc
y_true factive_ind                            
C      False         17            6  0.352941
E      False         28            5  0.178571
       True          96           96  1.000000
N      False        163          161  0.987730
INFO:root:Run: 5
INFO:root:              precision    recall  f1-score   support

           C       0.62      0.47      0.53        17
           E       1.00      0.76      0.86       124
           N       0.82      0.99      0.90       163

    accuracy                           0.87       304
   macro avg       0.81      0.74      0.77       304
weighted avg       0.88      0.87      0.86       304

INFO:root:                      n  sum_correct       acc
y_true factive_ind                            
C      False         17            8  0.470588
E      False         33            3  0.090909
       True          91           91  1.000000
N      False        163          162  0.993865
INFO:root:Run: 6
INFO:root:              precision    recall  f1-score   support

           C       0.64      0.56      0.60        16
           E       0.97      0.77      0.86       125
           N       0.83      0.98      0.90       162

    accuracy                           0.87       303
   macro avg       0.81      0.77      0.78       303
weighted avg       0.88      0.87      0.87       303

INFO:root:                      n  sum_correct       acc
y_true factive_ind                            
C      False         16            9  0.562500
E      False         33            4  0.121212
       True          92           92  1.000000
N      False        161          158  0.981366
       True           1            0  0.000000
INFO:root:Run: 7
INFO:root:              precision    recall  f1-score   support

           C       0.69      0.56      0.62        16
           E       0.97      0.78      0.87       125
           N       0.84      0.98      0.91       162

    accuracy                           0.88       303
   macro avg       0.83      0.78      0.80       303
weighted avg       0.89      0.88      0.87       303

INFO:root:                      n  sum_correct       acc
y_true factive_ind                            
C      False         16            9  0.562500
E      False         29            2  0.068966
       True          96           96  1.000000
N      False        160          158  0.987500
       True           2            1  0.500000
INFO:root:Run: 8
INFO:root:              precision    recall  f1-score   support

           C       0.80      0.50      0.62        16
           E       0.94      0.89      0.91       125
           N       0.88      0.95      0.91       162

    accuracy                           0.90       303
   macro avg       0.87      0.78      0.81       303
weighted avg       0.90      0.90      0.90       303

INFO:root:                      n  sum_correct       acc
y_true factive_ind                            
C      False         16            8  0.500000
E      False         19            5  0.263158
       True         106          106  1.000000
N      False        160          154  0.962500
       True           2            0  0.000000
INFO:root:Run: 9
INFO:root:              precision    recall  f1-score   support

           C       0.64      0.44      0.52        16
           E       0.94      0.82      0.88       125
           N       0.85      0.96      0.90       162

    accuracy                           0.87       303
   macro avg       0.81      0.74      0.77       303
weighted avg       0.88      0.87      0.87       303

INFO:root:                      n  sum_correct       acc
y_true factive_ind                            
C      False         16            7  0.437500
E      False         25            2  0.080000
       True         100          100  1.000000
N      False        162          156  0.962963
INFO:root:Run: 10
INFO:root:              precision    recall  f1-score   support

           C       0.75      0.38      0.50        16
           E       0.95      0.82      0.88       125
           N       0.85      0.98      0.91       162

    accuracy                           0.88       303
   macro avg       0.85      0.73      0.77       303
weighted avg       0.89      0.88      0.88       303

INFO:root:                      n  sum_correct       acc
y_true factive_ind                            
C      False         16            6  0.375000
E      False         26            4  0.153846
       True          99           99  1.000000
N      False        161          159  0.987578
       True           1            0  0.000000
INFO:root:
SUMMARY
INFO:root:[0.8651315789473685, 0.8848684210526315, 0.8914473684210527, 0.881578947368421, 0.868421052631579, 0.8679867986798679, 0.8778877887788779, 0.900990099009901, 0.8745874587458746, 0.8844884488448845]
INFO:root:[0.8630790356549024, 0.8817257725169454, 0.8900983222999516, 0.8762602283419664, 0.8641527844841462, 0.8652629548669154, 0.8749417323366572, 0.8980298082223112, 0.8706906971538763, 0.8783014410741713]
INFO:root:ACCURACY: 0.8797387962480459 +- 0.010726141008632941
INFO:root:F1 score: 0.8762542776951843 +- 0.010832718918542518
INFO:root:F1 score C: 0.5491848764262557 +- 0.06254184396188739
INFO:root:F1 score E: 0.8819591433321483 +- 0.016366254148077825
INFO:root:F1 score N: 0.9045595826322973 +- 0.008133048248668829
